[www.lendapawinc.com/donate.html]
[static.parastorage.com/unpkg/core-js-bundle@3.2.1/minified.js]
[static.parastorage.com/unpkg/focus-within-polyfill@5.0.9/dist/focus-within-polyfill.js]
[polyfill.io/v3/polyfill.mind82c.js]
[browser.sentry-cdn.com/6.18.2/bundle.min.js]
[www.lendapawinc.com/decodeURIComponent(e.5.delayed]
[backblue.gif]
[fade.gif]
[index.html]
[www.lendapawinc.com/sitemap.xml]
[www.lendapawinc.com/feed.7.delayed]
[www.lendapawinc.com/index.html]
[static.parastorage.com/services/wix-thunderbolt/dist/ab-test-compilation/thunderbolt-commons.7d4cc5a2.bundle.min.js]
[static.parastorage.com/services/wix-thunderbolt/dist/ab-test-compilation/main.5b3e25b8.bundle.min.js]
[static.parastorage.com/unpkg/lodash@4.17.21/lodash.min.js]
[static.parastorage.com/unpkg/react@16.14.0/umd/react.production.min.js]
[static.parastorage.com/services/tag-manager-client/1.705.0/siteTags.bundle.min.js]
[static.parastorage.com/services/wix-perf-measure/1.1051.0/wix-perf-measure.umd.min.js]
[static.parastorage.com/unpkg/react-dom@16.14.0/umd/react-dom.production.min.js]
[www.lendapawinc.com/adoptadog.html]
[www.lendapawinc.com/adoptacat.html]
[www.lendapawinc.com/adoption.html]
[www.lendapawinc.com/foster.html]
[www.lendapawinc.com/getinvolved.html]
[www.lendapawinc.com/volunteer.html]
[www.lendapawinc.com/bookavisit.html]
[www.lendapawinc.com/tnr.html]
[www.lendapawinc.com/partnerships.html]
[www.lendapawinc.com/contactus.html]
[static.wixstatic.com/media/f3580b_fa21d6e382bf41eeb61da33c40afd55a_mv2.jpg/v1/fill/w_285,h_285,al_c,lg_1,q_80,enc_auto/lendapawfinal.jpg]
[www.lendapawinc.com/other-resources.html]
[static.wixstatic.com/media/f3580b_139285c533a3404e83bb0e4e7c8971a2_mv2.png/v1/fill/w_79,h_102,al_c,q_85,usm_0.66_1.00_0.01,blur_2,enc_auto/f3580b_139285c533a3404e83bb0e4e7c8971a2_mv2.png]
[static.wixstatic.com/media/f3580b_884569f2cf884d51b43ad4aa2e9e91c7_mv2.png/v1/fill/w_82,h_54,al_c,q_85,usm_0.66_1.00_0.01,blur_2,enc_auto/f3580b_884569f2cf884d51b43ad4aa2e9e91c7_mv2.png]
[static.wixstatic.com/media/f3580b_7dedcf5218964f87831585449bf2afa5_mv2.png/v1/fill/w_82,h_77,al_c,q_85,usm_0.66_1.00_0.01,blur_2,enc_auto/f3580b_7dedcf5218964f87831585449bf2afa5_mv2.png]
[www.lendapawinc.com/donate.html]
[www.lendapawinc.com/decodeURIComponent(e.html]
[www.lendapawinc.com/feed.html]
[static.parastorage.com/services/wix-thunderbolt/dist/thunderbolt-commons.6058cc0a.bundle.min.js]
[static.parastorage.com/services/wix-thunderbolt/dist/main.bdb4e5e7.bundle.min.js]
[static.wixstatic.com/media/f3580b_5f92a6e0a79143ac8526245fa9211fce_mv2.jpg/v1/fill/w_82,h_54,al_c,q_80,usm_0.66_1.00_0.01,blur_2,enc_auto/f3580b_5f92a6e0a79143ac8526245fa9211fce_mv2.jpg]
[static.wixstatic.com/media/f3580b_f6fbf72510ec4be2a492075bc6bd0b1d_mv2.jpg/v1/fill/w_82,h_118,al_c,q_80,usm_0.66_1.00_0.01,blur_2,enc_auto/f3580b_f6fbf72510ec4be2a492075bc6bd0b1d_mv2.jpg]
[static.wixstatic.com/media/f3580b_cb66dc37880340518539d0c92494fa9d_mv2.png/v1/crop/x_81,y_112,w_370,h_309/fill/w_225,h_188,al_c,q_85,usm_0.66_1.00_0.01,enc_au/f3580b_cb66dc37880340518539d0c92494fa9d_mv2.21.delay]
[static.wixstatic.com/media/f3580b_482b554669be4d5b8d266d84e64be209_mv2.jpg/v1/fill/w_82,h_109,al_c,q_80,usm_0.66_1.00_0.01,blur_2,enc_auto/f3580b_482b554669be4d5b8d266d84e64be209_mv2.jpg]
[static.wixstatic.com/media/f3580b_0a1a2a94725544bcbbd604d04061faef_mv2.jpg/v1/crop/x_108,y_30,w_327,h_560,q_80,blur_2,enc_auto/f3580b_0a1a2a94725544bcbbd604d04061faef_mv2.jpg]
[www.lendapawinc.com/index.html]
[static.wixstatic.com/media/f3580b_02935e4b47484f77ba9e7f5e2637d75a_mv2.jpg/v1/fill/w_122,h_82,al_c,q_80,usm_0.66_1.00_0.01,blur_2,enc_auto/f3580b_02935e4b47484f77ba9e7f5e2637d75a_mv2.jpg]
[static.wixstatic.com/media/f3580b_f99f85f9b8d64625b5dceb2c3f66c075_mv2.png/v1/fill/w_123,h_89,al_c,q_85,usm_0.66_1.00_0.01,blur_2,enc_auto/f3580b_f99f85f9b8d64625b5dceb2c3f66c075_mv2.png]
[www.lendapawinc.com/adoption.html]
[www.lendapawinc.com/adoptadog.html]
[www.lendapawinc.com/adoptacat.html]
[static.parastorage.com/services/wix-code-platform/1.1097.93/elementory-browser-support.min.js]
[www.lendapawinc.com/foster.html]
[static.wixstatic.com/media/f3580b_5905f0efb13c46098dc2694b43d99762_mv2.png/v1/fill/w_122,h_85,al_c,q_85,usm_0.66_1.00_0.01,blur_2,enc_auto/f3580b_5905f0efb13c46098dc2694b43d99762_mv2.png]
[static.wixstatic.com/media/f3580b_066e54256b6e4ca49688b679fbe32578_mv2.png/v1/fill/w_123,h_99,al_c,q_85,usm_0.66_1.00_0.01,blur_2,enc_auto/f3580b_066e54256b6e4ca49688b679fbe32578_mv2.png]
[www.lendapawinc.com/getinvolved.html]
[static.wixstatic.com/media/f3580b_283b336d82034a1baf1585d40ebb64e1_mv2.jpg/v1/fill/w_82,h_77,al_c,q_80,usm_0.66_1.00_0.01,blur_2,enc_auto/f3580b_283b336d82034a1baf1585d40ebb64e1_mv2.jpg]
[static.wixstatic.com/media/f3580b_e42f80b7121846cba4efcf862d925590_mv2.jpg/v1/fill/w_82,h_80,al_c,q_80,usm_0.66_1.00_0.01,blur_2,enc_auto/f3580b_e42f80b7121846cba4efcf862d925590_mv2.jpg]
[static.wixstatic.com/media/f3580b_795135efff1a4c4da6789d27cdcc9402_mv2.jpg/v1/fill/w_82,h_97,al_c,q_80,usm_0.66_1.00_0.01,blur_2,enc_auto/f3580b_795135efff1a4c4da6789d27cdcc9402_mv2.jpg]
[www.lendapawinc.com/volunteer.html]
[static.wixstatic.com/media/f3580b_351b8c8eff4d428ab8c3167d2c681548_mv2.jpg/v1/fill/w_44,h_33,al_c,q_80,usm_0.66_1.00_0.01,blur_3,enc_auto/f3580b_351b8c8eff4d428ab8c3167d2c681548_mv2.jpg]
[www.lendapawinc.com/bookavisit.html]
[static.wixstatic.com/media/f3580b_896b39177f8443a789a3f3ceb4274750_mv2.png/v1/fill/w_385,h_466,al_c,q_85,usm_0.66_1.00_0.01,enc_auto/Capture_PNG.png]
[www.lendapawinc.com/tnr.html]
[www.lendapawinc.com/other-resources.html]
[www.lendapawinc.com/service-page/meet-greets.html]
[static.wixstatic.com/media/f3580b_d0f42279821b427d80b318f1a65670d2_mv2.jpg/v1/fill/w_375,h_173,al_c,q_80,usm_0.66_1.00_0.01,enc_auto/f3580b_d0f42279821b427d80b318f1a65670d2_mv2.jpg]
[static.wixstatic.com/media/f3580b_0be11f232c4a49d78b2a21fa07587bff_mv2.png/v1/fill/w_341,h_178,al_c,q_85,usm_0.66_1.00_0.01,enc_auto/chewy.png]
[static.wixstatic.com/media/f3580b_b0a384295b3543f8a968ffcd232b34e9_mv2.png/v1/fill/w_387,h_65,al_c,q_85,usm_0.66_1.00_0.01,enc_auto/f3580b_b0a384295b3543f8a968ffcd232b34e9_mv2.png]
[static.wixstatic.com/media/f3580b_4b58889c30264b359200c8f157d17555_mv2.png/v1/fill/w_176,h_177,al_c,q_85,usm_0.66_1.00_0.01,enc_auto/Screen Shot 2021-01-05 at 9_18_27 PM.png]
[static.wixstatic.com/media/f3580b_421100fdc00d49958a98b35aded23467_mv2.png/v1/fill/w_270,h_278,al_c,q_85,usm_0.66_1.00_0.01,enc_auto/Screen Shot 2021-01-05 at 9_09_53 PM.png]
[static.wixstatic.com/media/f3580b_ac8eb628b93d4465b39749afab8b43fd_mv2.jpg/v1/fill/w_62,h_47,al_c,q_80,usm_0.66_1.00_0.01,blur_2,enc_auto/DrElseysLogo_2021.jpg]
[static.wixstatic.com/media/f3580b_4d15f7418bc84ab095971c9e5035f97c_mv2.png/v1/fill/w_89,h_65,al_c,q_85,usm_0.66_1.00_0.01,blur_2,enc_auto/smalls_rescuepartnerlogo_final-01.png]
[www.lendapawinc.com/partnerships.html]
[www.lendapawinc.com/contactus.html]
[www.lendapawinc.com/service-page/decodeURIComponent(e.html]
[www.lendapawinc.com/service-page/sitemap.39.delayed]
[www.lendapawinc.com/service-page/robots.html]
[www.lendapawinc.com/service-page/feed.3a.delayed]
[www.lendapawinc.com/service-page/meet-greets.html]
[www.lendapawinc.com/service-page/decodeURIComponent(e.html]
[www.lendapawinc.com/service-page/robots.html]
[www.lendapawinc.com/service-page/sitemap.html]
[www.lendapawinc.com/service-page/feed.html]
